<?xml version="1.0" encoding="UTF-8"?>
<testsuite xmlns:xsi="http://www.w3.org/2001/XMLSchema-instance" xsi:noNamespaceSchemaLocation="https://maven.apache.org/surefire/maven-surefire-plugin/xsd/surefire-test-report-3.0.xsd" version="3.0" name="TestSuite" time="107.691" tests="16" errors="0" skipped="0" failures="1">
  <properties>
    <property name="sun.desktop" value="windows"/>
    <property name="awt.toolkit" value="sun.awt.windows.WToolkit"/>
    <property name="file.encoding.pkg" value="sun.io"/>
    <property name="java.specification.version" value="1.8"/>
    <property name="webdriver.chrome.driver" value=".\WebDrivers\chromedriver.exe"/>
    <property name="sun.cpu.isalist" value="amd64"/>
    <property name="sun.jnu.encoding" value="Cp1252"/>
    <property name="java.class.path" value="C:\Users\Sara Nasr\E2EFramework\target\test-classes;C:\Users\Sara Nasr\E2EFramework\target\classes;C:\Users\Sara Nasr\.m2\repository\org\apache\logging\log4j\log4j-api\2.8.2\log4j-api-2.8.2.jar;C:\Users\Sara Nasr\.m2\repository\org\apache\logging\log4j\log4j-core\2.8.2\log4j-core-2.8.2.jar;C:\Users\Sara Nasr\.m2\repository\commons-io\commons-io\2.6\commons-io-2.6.jar;C:\Users\Sara Nasr\.m2\repository\com\relevantcodes\extentreports\2.41.2\extentreports-2.41.2.jar;C:\Users\Sara Nasr\.m2\repository\org\jsoup\jsoup\1.8.3\jsoup-1.8.3.jar;C:\Users\Sara Nasr\.m2\repository\org\xerial\sqlite-jdbc\3.8.11.1\sqlite-jdbc-3.8.11.1.jar;C:\Users\Sara Nasr\.m2\repository\org\freemarker\freemarker\2.3.23\freemarker-2.3.23.jar;C:\Users\Sara Nasr\.m2\repository\org\mongodb\mongodb-driver\3.0.4\mongodb-driver-3.0.4.jar;C:\Users\Sara Nasr\.m2\repository\org\mongodb\bson\3.0.4\bson-3.0.4.jar;C:\Users\Sara Nasr\.m2\repository\org\mongodb\mongodb-driver-core\3.0.4\mongodb-driver-core-3.0.4.jar;C:\Users\Sara Nasr\.m2\repository\org\testng\testng\7.0.0\testng-7.0.0.jar;C:\Users\Sara Nasr\.m2\repository\com\beust\jcommander\1.72\jcommander-1.72.jar;C:\Users\Sara Nasr\.m2\repository\org\seleniumhq\selenium\selenium-java\3.141.59\selenium-java-3.141.59.jar;C:\Users\Sara Nasr\.m2\repository\org\seleniumhq\selenium\selenium-api\3.141.59\selenium-api-3.141.59.jar;C:\Users\Sara Nasr\.m2\repository\org\seleniumhq\selenium\selenium-chrome-driver\3.141.59\selenium-chrome-driver-3.141.59.jar;C:\Users\Sara Nasr\.m2\repository\org\seleniumhq\selenium\selenium-edge-driver\3.141.59\selenium-edge-driver-3.141.59.jar;C:\Users\Sara Nasr\.m2\repository\org\seleniumhq\selenium\selenium-firefox-driver\3.141.59\selenium-firefox-driver-3.141.59.jar;C:\Users\Sara Nasr\.m2\repository\org\seleniumhq\selenium\selenium-ie-driver\3.141.59\selenium-ie-driver-3.141.59.jar;C:\Users\Sara Nasr\.m2\repository\org\seleniumhq\selenium\selenium-opera-driver\3.141.59\selenium-opera-driver-3.141.59.jar;C:\Users\Sara Nasr\.m2\repository\org\seleniumhq\selenium\selenium-remote-driver\3.141.59\selenium-remote-driver-3.141.59.jar;C:\Users\Sara Nasr\.m2\repository\org\seleniumhq\selenium\selenium-safari-driver\3.141.59\selenium-safari-driver-3.141.59.jar;C:\Users\Sara Nasr\.m2\repository\org\seleniumhq\selenium\selenium-support\3.141.59\selenium-support-3.141.59.jar;C:\Users\Sara Nasr\.m2\repository\net\bytebuddy\byte-buddy\1.8.15\byte-buddy-1.8.15.jar;C:\Users\Sara Nasr\.m2\repository\org\apache\commons\commons-exec\1.3\commons-exec-1.3.jar;C:\Users\Sara Nasr\.m2\repository\com\google\guava\guava\25.0-jre\guava-25.0-jre.jar;C:\Users\Sara Nasr\.m2\repository\com\google\code\findbugs\jsr305\1.3.9\jsr305-1.3.9.jar;C:\Users\Sara Nasr\.m2\repository\org\checkerframework\checker-compat-qual\2.0.0\checker-compat-qual-2.0.0.jar;C:\Users\Sara Nasr\.m2\repository\com\google\errorprone\error_prone_annotations\2.1.3\error_prone_annotations-2.1.3.jar;C:\Users\Sara Nasr\.m2\repository\com\google\j2objc\j2objc-annotations\1.1\j2objc-annotations-1.1.jar;C:\Users\Sara Nasr\.m2\repository\org\codehaus\mojo\animal-sniffer-annotations\1.14\animal-sniffer-annotations-1.14.jar;C:\Users\Sara Nasr\.m2\repository\com\squareup\okhttp3\okhttp\3.11.0\okhttp-3.11.0.jar;C:\Users\Sara Nasr\.m2\repository\com\squareup\okio\okio\1.14.0\okio-1.14.0.jar;"/>
    <property name="java.vm.vendor" value="Oracle Corporation"/>
    <property name="sun.arch.data.model" value="64"/>
    <property name="user.variant" value=""/>
    <property name="java.vendor.url" value="http://java.oracle.com/"/>
    <property name="user.timezone" value="Africa/Cairo"/>
    <property name="java.vm.specification.version" value="1.8"/>
    <property name="os.name" value="Windows 10"/>
    <property name="user.country" value="US"/>
    <property name="sun.java.launcher" value="SUN_STANDARD"/>
    <property name="sun.boot.library.path" value="C:\Program Files\Java\jdk1.8.0_181\jre\bin"/>
    <property name="sun.java.command" value="C:\Users\Sara Nasr\AppData\Local\Temp\surefire3407728017602927555\surefirebooter1266204748367432190.jar C:\Users\Sara Nasr\AppData\Local\Temp\surefire3407728017602927555 2020-04-19T12-21-28_529-jvmRun1 surefire6224898324799784282tmp surefire_08870935659799604295tmp"/>
    <property name="surefire.test.class.path" value="C:\Users\Sara Nasr\E2EFramework\target\test-classes;C:\Users\Sara Nasr\E2EFramework\target\classes;C:\Users\Sara Nasr\.m2\repository\org\apache\logging\log4j\log4j-api\2.8.2\log4j-api-2.8.2.jar;C:\Users\Sara Nasr\.m2\repository\org\apache\logging\log4j\log4j-core\2.8.2\log4j-core-2.8.2.jar;C:\Users\Sara Nasr\.m2\repository\commons-io\commons-io\2.6\commons-io-2.6.jar;C:\Users\Sara Nasr\.m2\repository\com\relevantcodes\extentreports\2.41.2\extentreports-2.41.2.jar;C:\Users\Sara Nasr\.m2\repository\org\jsoup\jsoup\1.8.3\jsoup-1.8.3.jar;C:\Users\Sara Nasr\.m2\repository\org\xerial\sqlite-jdbc\3.8.11.1\sqlite-jdbc-3.8.11.1.jar;C:\Users\Sara Nasr\.m2\repository\org\freemarker\freemarker\2.3.23\freemarker-2.3.23.jar;C:\Users\Sara Nasr\.m2\repository\org\mongodb\mongodb-driver\3.0.4\mongodb-driver-3.0.4.jar;C:\Users\Sara Nasr\.m2\repository\org\mongodb\bson\3.0.4\bson-3.0.4.jar;C:\Users\Sara Nasr\.m2\repository\org\mongodb\mongodb-driver-core\3.0.4\mongodb-driver-core-3.0.4.jar;C:\Users\Sara Nasr\.m2\repository\org\testng\testng\7.0.0\testng-7.0.0.jar;C:\Users\Sara Nasr\.m2\repository\com\beust\jcommander\1.72\jcommander-1.72.jar;C:\Users\Sara Nasr\.m2\repository\org\seleniumhq\selenium\selenium-java\3.141.59\selenium-java-3.141.59.jar;C:\Users\Sara Nasr\.m2\repository\org\seleniumhq\selenium\selenium-api\3.141.59\selenium-api-3.141.59.jar;C:\Users\Sara Nasr\.m2\repository\org\seleniumhq\selenium\selenium-chrome-driver\3.141.59\selenium-chrome-driver-3.141.59.jar;C:\Users\Sara Nasr\.m2\repository\org\seleniumhq\selenium\selenium-edge-driver\3.141.59\selenium-edge-driver-3.141.59.jar;C:\Users\Sara Nasr\.m2\repository\org\seleniumhq\selenium\selenium-firefox-driver\3.141.59\selenium-firefox-driver-3.141.59.jar;C:\Users\Sara Nasr\.m2\repository\org\seleniumhq\selenium\selenium-ie-driver\3.141.59\selenium-ie-driver-3.141.59.jar;C:\Users\Sara Nasr\.m2\repository\org\seleniumhq\selenium\selenium-opera-driver\3.141.59\selenium-opera-driver-3.141.59.jar;C:\Users\Sara Nasr\.m2\repository\org\seleniumhq\selenium\selenium-remote-driver\3.141.59\selenium-remote-driver-3.141.59.jar;C:\Users\Sara Nasr\.m2\repository\org\seleniumhq\selenium\selenium-safari-driver\3.141.59\selenium-safari-driver-3.141.59.jar;C:\Users\Sara Nasr\.m2\repository\org\seleniumhq\selenium\selenium-support\3.141.59\selenium-support-3.141.59.jar;C:\Users\Sara Nasr\.m2\repository\net\bytebuddy\byte-buddy\1.8.15\byte-buddy-1.8.15.jar;C:\Users\Sara Nasr\.m2\repository\org\apache\commons\commons-exec\1.3\commons-exec-1.3.jar;C:\Users\Sara Nasr\.m2\repository\com\google\guava\guava\25.0-jre\guava-25.0-jre.jar;C:\Users\Sara Nasr\.m2\repository\com\google\code\findbugs\jsr305\1.3.9\jsr305-1.3.9.jar;C:\Users\Sara Nasr\.m2\repository\org\checkerframework\checker-compat-qual\2.0.0\checker-compat-qual-2.0.0.jar;C:\Users\Sara Nasr\.m2\repository\com\google\errorprone\error_prone_annotations\2.1.3\error_prone_annotations-2.1.3.jar;C:\Users\Sara Nasr\.m2\repository\com\google\j2objc\j2objc-annotations\1.1\j2objc-annotations-1.1.jar;C:\Users\Sara Nasr\.m2\repository\org\codehaus\mojo\animal-sniffer-annotations\1.14\animal-sniffer-annotations-1.14.jar;C:\Users\Sara Nasr\.m2\repository\com\squareup\okhttp3\okhttp\3.11.0\okhttp-3.11.0.jar;C:\Users\Sara Nasr\.m2\repository\com\squareup\okio\okio\1.14.0\okio-1.14.0.jar;"/>
    <property name="sun.cpu.endian" value="little"/>
    <property name="user.home" value="C:\Users\Sara Nasr"/>
    <property name="user.language" value="en"/>
    <property name="java.specification.vendor" value="Oracle Corporation"/>
    <property name="java.home" value="C:\Program Files\Java\jdk1.8.0_181\jre"/>
    <property name="basedir" value="C:\Users\Sara Nasr\E2EFramework"/>
    <property name="file.separator" value="\"/>
    <property name="line.separator" value="&#10;"/>
    <property name="java.vm.specification.vendor" value="Oracle Corporation"/>
    <property name="java.specification.name" value="Java Platform API Specification"/>
    <property name="java.awt.graphicsenv" value="sun.awt.Win32GraphicsEnvironment"/>
    <property name="surefire.real.class.path" value="C:\Users\Sara Nasr\AppData\Local\Temp\surefire3407728017602927555\surefirebooter1266204748367432190.jar"/>
    <property name="sun.boot.class.path" value="C:\Program Files\Java\jdk1.8.0_181\jre\lib\resources.jar;C:\Program Files\Java\jdk1.8.0_181\jre\lib\rt.jar;C:\Program Files\Java\jdk1.8.0_181\jre\lib\sunrsasign.jar;C:\Program Files\Java\jdk1.8.0_181\jre\lib\jsse.jar;C:\Program Files\Java\jdk1.8.0_181\jre\lib\jce.jar;C:\Program Files\Java\jdk1.8.0_181\jre\lib\charsets.jar;C:\Program Files\Java\jdk1.8.0_181\jre\lib\jfr.jar;C:\Program Files\Java\jdk1.8.0_181\jre\classes"/>
    <property name="user.script" value=""/>
    <property name="sun.management.compiler" value="HotSpot 64-Bit Tiered Compilers"/>
    <property name="java.runtime.version" value="1.8.0_181-b13"/>
    <property name="user.name" value="Sara Nasr"/>
    <property name="path.separator" value=";"/>
    <property name="os.version" value="10.0"/>
    <property name="java.endorsed.dirs" value="C:\Program Files\Java\jdk1.8.0_181\jre\lib\endorsed"/>
    <property name="java.runtime.name" value="Java(TM) SE Runtime Environment"/>
    <property name="file.encoding" value="Cp1252"/>
    <property name="java.vm.name" value="Java HotSpot(TM) 64-Bit Server VM"/>
    <property name="localRepository" value="C:\Users\Sara Nasr\.m2\repository"/>
    <property name="java.vendor.url.bug" value="http://bugreport.sun.com/bugreport/"/>
    <property name="java.io.tmpdir" value="C:\Users\SARANA~1\AppData\Local\Temp\"/>
    <property name="java.version" value="1.8.0_181"/>
    <property name="user.dir" value="C:\Users\Sara Nasr\E2EFramework"/>
    <property name="os.arch" value="amd64"/>
    <property name="java.vm.specification.name" value="Java Virtual Machine Specification"/>
    <property name="java.awt.printerjob" value="sun.awt.windows.WPrinterJob"/>
    <property name="sun.os.patch.level" value=""/>
    <property name="java.library.path" value="C:\Program Files\Java\jdk1.8.0_181\jre\bin;C:\WINDOWS\Sun\Java\bin;C:\WINDOWS\system32;C:\WINDOWS;C:\Program Files (x86)\Common Files\Oracle\Java\javapath;C:\Program Files (x86)\Intel\iCLS Client\;C:\Program Files\Intel\iCLS Client\;C:\WINDOWS\system32;C:\WINDOWS;C:\WINDOWS\System32\Wbem;C:\WINDOWS\System32\WindowsPowerShell\v1.0\;C:\Program Files (x86)\Intel\Intel(R) Management Engine Components\DAL;C:\Program Files\Intel\Intel(R) Management Engine Components\DAL;C:\Program Files (x86)\Intel\Intel(R) Management Engine Components\IPT;C:\Program Files\Intel\Intel(R) Management Engine Components\IPT;C:\Program Files\Intel\WiFi\bin\;C:\Program Files\Common Files\Intel\WirelessCommon\;C:\Program Files\MATLAB\MATLAB Production Server\R2015a\runtime\win64;C:\Program Files\MATLAB\MATLAB Production Server\R2015a\bin;C:\Program Files\MATLAB\MATLAB Production Server\R2015a\polyspace\bin;C:\WINDOWS\System32\OpenSSH\;C:\Program Files\Java\jdk1.8.0_181\bin;C:\Program Files\nodejs\;C:\Users\Sara Nasr\Desktop\Selenium WebDriver Course\Maven\apache-maven-3.6.3\bin;C:\Users\Sara Nasr\AppData\Local\Microsoft\WindowsApps;C:\Program Files\Intel\WiFi\bin\;C:\Program Files\Common Files\Intel\WirelessCommon\;;."/>
    <property name="java.vm.info" value="mixed mode"/>
    <property name="java.vendor" value="Oracle Corporation"/>
    <property name="java.vm.version" value="25.181-b13"/>
    <property name="java.ext.dirs" value="C:\Program Files\Java\jdk1.8.0_181\jre\lib\ext;C:\WINDOWS\Sun\Java\lib\ext"/>
    <property name="sun.io.unicode.encoding" value="UnicodeLittle"/>
    <property name="java.class.version" value="52.0"/>
  </properties>
  <testcase name="logoTest" classname="alphaPackage.MultiLogoTest" time="0.074"/>
  <testcase name="logoTest" classname="alphaPackage.MultiLogoTest" time="0.044"/>
  <testcase name="logoTest" classname="alphaPackage.MultiLogoTest" time="0.038"/>
  <testcase name="logoTest" classname="alphaPackage.MultiLogoTest" time="0.036"/>
  <testcase name="logoTest" classname="alphaPackage.MultiLogoTest" time="0.044"/>
  <testcase name="logoTest" classname="alphaPackage.MultiLogoTest" time="0.042"/>
  <testcase name="logoTest" classname="alphaPackage.MultiLogoTest" time="0.059"/>
  <testcase name="logoTest" classname="alphaPackage.MultiLogoTest" time="0.041"/>
  <testcase name="goToHomePage" classname="alphaPackage.CourseraLoginTest" time="7.132"/>
  <testcase name="goToHomePage" classname="alphaPackage.CourseraLoginTest" time="5.114"/>
  <testcase name="footerLinkTest" classname="alphaPackage.FooterLinksTest" time="4.308"/>
  <testcase name="footerLinkTest" classname="alphaPackage.FooterLinksTest" time="4.2"/>
  <testcase name="footerLinkTest" classname="alphaPackage.FooterLinksTest" time="4.482"/>
  <testcase name="footerLinkTest" classname="alphaPackage.FooterLinksTest" time="5.85"/>
  <testcase name="footerLinkTest" classname="alphaPackage.FooterLinksTest" time="4.222"/>
  <testcase name="validateTitle" classname="alphaPackage.TitleValidationTest" time="0.795">
    <failure message="did not expect to find [true] but found [false]" type="java.lang.AssertionError"><![CDATA[java.lang.AssertionError: did not expect to find [true] but found [false]
	at alphaPackage.TitleValidationTest.validateTitle(TitleValidationTest.java:31)
]]></failure>
    <system-err><![CDATA[Starting ChromeDriver 80.0.3987.106 (f68069574609230cf9b635cd784cfb1bf81bb53a-refs/branch-heads/3987@{#882}) on port 3568
Only local connections are allowed.
Please protect ports used by ChromeDriver and related test frameworks to prevent access by malicious code.
[1587291779.031][WARNING]: Timed out connecting to Chrome, retrying...
Apr 19, 2020 12:23:01 PM org.openqa.selenium.remote.ProtocolHandshake createSession
INFO: Detected dialect: W3C
[1587291782.994][SEVERE]: Timed out receiving message from renderer: 0.100
[1587291783.095][SEVERE]: Timed out receiving message from renderer: 0.100
[1587291783.204][SEVERE]: Timed out receiving message from renderer: 0.100
[1587291783.308][SEVERE]: Timed out receiving message from renderer: 0.100
[1587291783.411][SEVERE]: Timed out receiving message from renderer: 0.100
[1587291783.512][SEVERE]: Timed out receiving message from renderer: 0.100
[1587291783.614][SEVERE]: Timed out receiving message from renderer: 0.100
[1587291783.810][SEVERE]: Timed out receiving message from renderer: 0.100
[1587291784.231][SEVERE]: Timed out receiving message from renderer: 0.100
[1587291784.372][SEVERE]: Timed out receiving message from renderer: 0.100
[1587291784.476][SEVERE]: Timed out receiving message from renderer: 0.100
[1587291785.528][SEVERE]: Timed out receiving message from renderer: 0.100
[1587291785.641][SEVERE]: Timed out receiving message from renderer: 0.100
[1587291786.468][SEVERE]: Timed out receiving message from renderer: 0.100
[1587291786.570][SEVERE]: Timed out receiving message from renderer: 0.100
[1587291786.674][SEVERE]: Timed out receiving message from renderer: 0.100
[1587291786.826][SEVERE]: Timed out receiving message from renderer: 0.100
[1587291787.080][SEVERE]: Timed out receiving message from renderer: 0.100
[1587291788.989][SEVERE]: Timed out receiving message from renderer: 0.100
[1587291789.090][SEVERE]: Timed out receiving message from renderer: 0.100
[1587291789.191][SEVERE]: Timed out receiving message from renderer: 0.100
[1587291789.300][SEVERE]: Timed out receiving message from renderer: 0.100
[1587291789.403][SEVERE]: Timed out receiving message from renderer: 0.100
[1587291789.506][SEVERE]: Timed out receiving message from renderer: 0.100
[1587291789.607][SEVERE]: Timed out receiving message from renderer: 0.100
[1587291789.710][SEVERE]: Timed out receiving message from renderer: 0.100
[1587291789.846][SEVERE]: Timed out receiving message from renderer: 0.100
[1587291789.947][SEVERE]: Timed out receiving message from renderer: 0.100
[1587291790.062][SEVERE]: Timed out receiving message from renderer: 0.100
[1587291790.163][SEVERE]: Timed out receiving message from renderer: 0.100
[1587291790.264][SEVERE]: Timed out receiving message from renderer: 0.100
[1587291790.373][SEVERE]: Timed out receiving message from renderer: 0.100
[1587291790.474][SEVERE]: Timed out receiving message from renderer: 0.100
[1587291790.576][SEVERE]: Timed out receiving message from renderer: 0.100
[1587291790.677][SEVERE]: Timed out receiving message from renderer: 0.100
[1587291790.778][SEVERE]: Timed out receiving message from renderer: 0.100
[1587291790.894][SEVERE]: Timed out receiving message from renderer: 0.100
[1587291791.008][SEVERE]: Timed out receiving message from renderer: 0.100
[1587291791.110][SEVERE]: Timed out receiving message from renderer: 0.100
[1587291791.213][SEVERE]: Timed out receiving message from renderer: 0.100
[1587291791.314][SEVERE]: Timed out receiving message from renderer: 0.100
[1587291791.415][SEVERE]: Timed out receiving message from renderer: 0.100
]]></system-err>
  </testcase>
</testsuite>