<?xml version="1.0" encoding="UTF-8"?>
<!-- Generated by org.testng.reporters.JUnitReportReporter -->
<testsuite skipped="0" hostname="DESKTOP-4PBLL9U" name="alphaPackage.CourseraCourseTest" tests="2" failures="0" timestamp="2020-04-24T19:47:58 EET" time="28.119" errors="0">
  <testcase name="getPythonCourse" time="16.479" classname="alphaPackage.CourseraCourseTest"/>
  <testcase name="getPythonCourse" time="11.640" classname="alphaPackage.CourseraCourseTest"/>
</testsuite> <!-- alphaPackage.CourseraCourseTest -->
