<?xml version="1.0" encoding="UTF-8"?>
<!-- Generated by org.testng.reporters.JUnitReportReporter -->
<testsuite skipped="0" hostname="DESKTOP-4PBLL9U" name="alphaPackage.MultiLogoTest" tests="8" failures="0" timestamp="2020-04-18T12:18:26 EET" time="0.366" errors="0">
  <testcase name="logoTest" time="0.038" classname="alphaPackage.MultiLogoTest"/>
  <testcase name="logoTest" time="0.036" classname="alphaPackage.MultiLogoTest"/>
  <testcase name="logoTest" time="0.040" classname="alphaPackage.MultiLogoTest"/>
  <testcase name="logoTest" time="0.038" classname="alphaPackage.MultiLogoTest"/>
  <testcase name="logoTest" time="0.035" classname="alphaPackage.MultiLogoTest"/>
  <testcase name="logoTest" time="0.095" classname="alphaPackage.MultiLogoTest"/>
  <testcase name="logoTest" time="0.042" classname="alphaPackage.MultiLogoTest"/>
  <testcase name="logoTest" time="0.042" classname="alphaPackage.MultiLogoTest"/>
</testsuite> <!-- alphaPackage.MultiLogoTest -->
