<?xml version="1.0" encoding="UTF-8"?>
<!-- Generated by org.testng.reporters.JUnitReportReporter -->
<testsuite skipped="0" hostname="DESKTOP-4PBLL9U" name="alphaPackage.CourseraLogoTest" tests="1" failures="0" timestamp="2020-04-17T21:33:03 EET" time="12.210" errors="0">
  <testcase name="logoTest" time="12.210" classname="alphaPackage.CourseraLogoTest"/>
</testsuite> <!-- alphaPackage.CourseraLogoTest -->
