<?xml version="1.0" encoding="UTF-8"?>
<!-- Generated by org.testng.reporters.JUnitReportReporter -->
<testsuite skipped="0" hostname="DESKTOP-4PBLL9U" name="alphaPackage.CourseraLoginTest" tests="2" failures="0" timestamp="2020-04-19T19:21:00 EET" time="25.394" errors="0">
  <testcase name="goToHomePage" time="4.699" classname="alphaPackage.CourseraLoginTest"/>
  <testcase name="goToHomePage" time="20.695" classname="alphaPackage.CourseraLoginTest"/>
</testsuite> <!-- alphaPackage.CourseraLoginTest -->
