<?xml version="1.0" encoding="UTF-8"?>
<!-- Generated by org.testng.reporters.JUnitReportReporter -->
<testsuite skipped="0" hostname="DESKTOP-4PBLL9U" name="alphaPackage.FooterLinksTest" tests="5" failures="0" timestamp="2020-04-18T12:28:26 EET" time="25.143" errors="0">
  <testcase name="footerLinkTest" time="4.174" classname="alphaPackage.FooterLinksTest"/>
  <testcase name="footerLinkTest" time="4.225" classname="alphaPackage.FooterLinksTest"/>
  <testcase name="footerLinkTest" time="5.553" classname="alphaPackage.FooterLinksTest"/>
  <testcase name="footerLinkTest" time="4.197" classname="alphaPackage.FooterLinksTest"/>
  <testcase name="footerLinkTest" time="6.994" classname="alphaPackage.FooterLinksTest"/>
</testsuite> <!-- alphaPackage.FooterLinksTest -->
