<?xml version="1.0" encoding="UTF-8"?>
<!-- Generated by org.testng.reporters.JUnitReportReporter -->
<testsuite skipped="0" hostname="DESKTOP-4PBLL9U" name="alphaPackage.JumiaHomePageTest" tests="1" failures="0" timestamp="2020-04-17T13:54:02 EET" time="9.536" errors="0">
  <testcase name="goToHomePage" time="9.536" classname="alphaPackage.JumiaHomePageTest"/>
</testsuite> <!-- alphaPackage.JumiaHomePageTest -->
