<?xml version="1.0" encoding="UTF-8"?>
<!-- Generated by org.testng.reporters.JUnitReportReporter -->
<testsuite skipped="0" hostname="DESKTOP-4PBLL9U" name="alphaPackage.CourseraLoginTest" tests="2" failures="0" timestamp="2020-04-28T20:55:33 EET" time="11.357" errors="0">
  <testcase name="goToHomePage" time="5.861" classname="alphaPackage.CourseraLoginTest"/>
  <testcase name="goToHomePage" time="5.496" classname="alphaPackage.CourseraLoginTest"/>
</testsuite> <!-- alphaPackage.CourseraLoginTest -->
