<?xml version="1.0" encoding="UTF-8"?>
<!-- Generated by org.testng.reporters.JUnitReportReporter -->
<testsuite skipped="0" hostname="DESKTOP-4PBLL9U" name="alphaPackage.CourseraHomePageTest" tests="1" failures="0" timestamp="2020-04-17T14:15:33 EET" time="12.511" errors="0">
  <testcase name="goToHomePage" time="12.511" classname="alphaPackage.CourseraHomePageTest"/>
</testsuite> <!-- alphaPackage.CourseraHomePageTest -->
