<?xml version="1.0" encoding="UTF-8"?>
<!-- Generated by org.testng.reporters.JUnitReportReporter -->
<testsuite skipped="0" hostname="DESKTOP-4PBLL9U" name="alphaPackage.FooterLinksTest" tests="5" failures="0" timestamp="2020-04-19T12:23:17 EET" time="23.059" errors="0">
  <testcase name="footerLinkTest" time="4.199" classname="alphaPackage.FooterLinksTest"/>
  <testcase name="footerLinkTest" time="4.222" classname="alphaPackage.FooterLinksTest"/>
  <testcase name="footerLinkTest" time="4.307" classname="alphaPackage.FooterLinksTest"/>
  <testcase name="footerLinkTest" time="5.850" classname="alphaPackage.FooterLinksTest"/>
  <testcase name="footerLinkTest" time="4.481" classname="alphaPackage.FooterLinksTest"/>
</testsuite> <!-- alphaPackage.FooterLinksTest -->
