<?xml version="1.0" encoding="UTF-8"?>
<!-- Generated by org.testng.reporters.JUnitReportReporter -->
<testsuite skipped="0" hostname="DESKTOP-4PBLL9U" name="alphaPackage.CourseraLoginTest" tests="2" failures="0" timestamp="2020-04-20T16:31:02 EET" time="14.865" errors="0">
  <testcase name="goToHomePage" time="10.986" classname="alphaPackage.CourseraLoginTest"/>
  <testcase name="goToHomePage" time="3.879" classname="alphaPackage.CourseraLoginTest"/>
</testsuite> <!-- alphaPackage.CourseraLoginTest -->
