<?xml version="1.0" encoding="UTF-8"?>
<!-- Generated by org.testng.reporters.JUnitReportReporter -->
<testsuite skipped="0" hostname="DESKTOP-4PBLL9U" name="alphaPackage.CourseraLoginTest" tests="2" failures="0" timestamp="2020-04-19T12:23:17 EET" time="12.243" errors="0">
  <testcase name="goToHomePage" time="5.112" classname="alphaPackage.CourseraLoginTest"/>
  <testcase name="goToHomePage" time="7.131" classname="alphaPackage.CourseraLoginTest"/>
</testsuite> <!-- alphaPackage.CourseraLoginTest -->
